HereGPSLocation/build/outputs/logs/manifest-merger-release-report.txt
-- Merging decision tree log ---
manifest
ADDED from Sources/HereGPSLocation/AndroidManifest.xml:2:1-28:12
	xmlns:android
		ADDED from Sources/HereGPSLocation/AndroidManifest.xml:2:11-69
	package
		ADDED from Sources/HereGPSLocation/AndroidManifest.xml:3:5-41
		INJECTED from Sources/HereGPSLocation/AndroidManifest.xml
		INJECTED from Sources/HereGPSLocation/AndroidManifest.xml
	android:versionName
		ADDED from Sources/HereGPSLocation/AndroidManifest.xml:5:5-30
	android:versionCode
		ADDED from Sources/HereGPSLocation/AndroidManifest.xml:4:5-28
		INJECTED from Sources/HereGPSLocation/AndroidManifest.xml
		INJECTED from Sources/HereGPSLocation/AndroidManifest.xml
uses-sdk
ADDED from Sources/HereGPSLocation/AndroidManifest.xml:7:5-9:41
	android:targetSdkVersion
		ADDED from Sources/HereGPSLocation/AndroidManifest.xml:9:9-38
		INJECTED from Sources/HereGPSLocation/AndroidManifest.xml
		INJECTED from Sources/HereGPSLocation/AndroidManifest.xml
	android:minSdkVersion
		ADDED from Sources/HereGPSLocation/AndroidManifest.xml:8:9-34
		INJECTED from Sources/HereGPSLocation/AndroidManifest.xml
		INJECTED from Sources/HereGPSLocation/AndroidManifest.xml
uses-permission#android.permission.ACCESS_FINE_LOCATION
ADDED from Sources/HereGPSLocation/AndroidManifest.xml:10:5-78
	android:name
		ADDED from Sources/HereGPSLocation/AndroidManifest.xml:10:22-76
application
ADDED from Sources/HereGPSLocation/AndroidManifest.xml:12:5-26:19
	android:label
		ADDED from Sources/HereGPSLocation/AndroidManifest.xml:15:9-41
	android:allowBackup
		ADDED from Sources/HereGPSLocation/AndroidManifest.xml:13:9-35
	android:icon
		ADDED from Sources/HereGPSLocation/AndroidManifest.xml:14:9-45
	android:theme
		ADDED from Sources/HereGPSLocation/AndroidManifest.xml:16:9-40
activity#com.borneq.heregpslocation.MainActivity
ADDED from Sources/HereGPSLocation/AndroidManifest.xml:17:9-25:20
	android:label
		ADDED from Sources/HereGPSLocation/AndroidManifest.xml:19:13-45
	android:name
		ADDED from Sources/HereGPSLocation/AndroidManifest.xml:18:13-67
intent-filter#android.intent.action.MAIN+android.intent.category.LAUNCHER
ADDED from Sources/HereGPSLocation/AndroidManifest.xml:20:13-24:29
action#android.intent.action.MAIN
ADDED from Sources/HereGPSLocation/AndroidManifest.xml:21:17-69
	android:name
		ADDED from Sources/HereGPSLocation/AndroidManifest.xml:21:25-66
category#android.intent.category.LAUNCHER
ADDED from Sources/HereGPSLocation/AndroidManifest.xml:23:17-77
	android:name
		ADDED from Sources/HereGPSLocation/AndroidManifest.xml:23:27-74